#
# A fatal error has been detected by the Java Runtime Environment:
#
#  SIGBUS (0x7) at pc=0x00007f05a563c977, pid=244, tid=0x00007f058cf1a640
#
# JRE version: OpenJDK Runtime Environment (8.0_322) (build 1.8.0_322-ga)
# Java VM: OpenJDK 64-Bit Server VM (25.322-bga mixed mode linux-amd64 compressed oops)
# Problematic frame:
# V  [libjvm.so+0xa63977]  SystemDictionary::load_instance_class(Symbol*, Handle, Thread*)+0x227
#
# Core dump written. Default location: /home/runner/chickentendies/Bungee/core or core.244
#
# If you would like to submit a bug report, please visit:
#   http://bugreport.java.com/bugreport/crash.jsp
#

---------------  T H R E A D  ---------------

Current thread (0x00007f05a015d800):  JavaThread "Signal Dispatcher" daemon [_thread_in_vm, id=252, stack(0x00007f058ce1b000,0x00007f058cf1b000)]

siginfo: si_signo: 7 (SIGBUS), si_code: 2 (BUS_ADRERR), si_addr: 0x00007f05a4852cd0

Registers:
RAX=0x00007f05a4852cd0, RBX=0x00007f058e3f19d0, RCX=0x0000000000000000, RDX=0x00000000000000b4
RSP=0x00007f058cf188f0, RBP=0x00007f058cf189b0, RSI=0x0000000000000000, RDI=0x0000000000000000
R8 =0x0000000000000000, R9 =0x0000000000000000, R10=0x0000000000000000, R11=0x0000000000000000
R12=0x00007f05a015d800, R13=0x00007f05a59356f0, R14=0x0000000000000000, R15=0x0000000000000000
RIP=0x00007f05a563c977, EFLAGS=0x0000000000010216, CSGSFS=0x002b000000000033, ERR=0x0000000000000006
  TRAPNO=0x000000000000000e

Top of Stack: (sp=0x00007f058cf188f0)
0x00007f058cf188f0:   00007f058cf18950 00007f05a4ea3916
0x00007f058cf18900:   0000000000000000 0000000000000000
0x00007f058cf18910:   0000000000000000 0000000000000000
0x00007f058cf18920:   0000000000000000 0000000000000001
0x00007f058cf18930:   00000000000000b4 000004885bc2f63d
0x00007f058cf18940:   00007f05a005db00 00007f05a0016b60
0x00007f058cf18950:   0000000000000000 00007f05a556f6f5
0x00007f058cf18960:   00007f05a0026700 00007f05a005af40
0x00007f058cf18970:   0000000000000000 0000000000000000
0x00007f058cf18980:   00007f05a015d800 0000000000000000
0x00007f058cf18990:   00007f05a015d800 0000000000000000
0x00007f058cf189a0:   00007f058e3f19d0 00007f05a0026700
0x00007f058cf189b0:   00007f058cf18aa0 00007f05a563d64a
0x00007f058cf189c0:   0000000000000000 0000000000000000
0x00007f058cf189d0:   00007f05a0008210 00007f058cf18a20
0x00007f058cf189e0:   00007f05a014d020 0000000070a6aa31
0x00007f058cf189f0:   0000000000000000 0000000000000000
0x00007f058cf18a00:   000002d9000002d9 0000000000000000
0x00007f058cf18a10:   0000000070a6aa31 0000000000000000
0x00007f058cf18a20:   00007f05a015d800 00007f05a014d020
0x00007f058cf18a30:   0000000000000000 0000000000000000
0x00007f058cf18a40:   0000000000000000 0000000000000000
0x00007f058cf18a50:   0000000000000000 0000000000000000
0x00007f058cf18a60:   0000000000000000 0000000000000000
0x00007f058cf18a70:   0000000000000000 0000000000000001
0x00007f058cf18a80:   00007f058e3f19d0 0000000000000000
0x00007f058cf18a90:   00007f05a015d800 0000000000000000
0x00007f058cf18aa0:   00007f058cf18b30 00007f05a563f396
0x00007f058cf18ab0:   0000000000000000 0000000000000000
0x00007f058cf18ac0:   0000000000000000 0000000000000000
0x00007f058cf18ad0:   0000000000000000 0000000000000000
0x00007f058cf18ae0:   0000000000000000 0000000000000000 

Instructions: (pc=0x00007f05a563c977)
0x00007f05a563c957:   8b 02 83 e8 01 89 02 85 c0 7f ae 48 8d 7d 80 e8
0x00007f05a563c967:   75 e0 03 00 48 8b 45 98 48 8b 55 80 48 8b 40 28
0x00007f05a563c977:   48 01 10 eb 94 